SharedTracking/proguard-project.txt
-keep public class * extends android.app.Activity
-keep public class * extends android.app.Application
-keep public class * extends android.app.Service
-keep public class * extends android.content.BroadcastReceiver
-keep public class * extends android.content.ContentProvider
-keep public class * extends android.preference.Preference
-keep public class com.android.vending.billing.IInAppBillingService
-keep public class * extends android.view.View {
    public <init>(android.content.Context);
    public <init>(android.content.Context, android.util.AttributeSet);
    public <init>(android.content.Context, android.util.AttributeSet, int);
}
-keepclasseswithmembers class * {
    public <init>(android.content.Context, android.util.AttributeSet);
}
-keepclasseswithmembers class * {
    public <init>(android.content.Context, android.util.AttributeSet, int);
}
-keepclassmembers class * extends android.content.Context {
    public void *(android.view.View);
    public void *(android.view.MenuItem);
}

-keep class org.apache.http.** { *; }
-keep class android.net.http.** { *; }

-dontwarn org.apache.http.**
-dontwarn android.net.http.** 

-keep class android.support.v7.** { *; }
-keep class android.support.v4.** { *; }

-dontwarn com.google.android.gms.**


##---------------Begin: proguard configuration for Gson  ----------
# Gson uses generic type information stored in a class file when working with fields. Proguard
# removes such information by default, so configure it to keep all of it.
-keepattributes Signature

# For using GSON @Expose annotation
-keepattributes *Annotation*

# Gson specific classes
-keep class sun.misc.Unsafe { *; }
#-keep class com.google.gson.stream.** { *; }

# Application classes that will be serialized/deserialized over Gson
-keep class com.google.gson.** { *; }
-keep class com.example.sharedtracking.types.Deserializer  { *; }

# Add the path to the jar
-libraryjars /home/lucas/Téléchargements/google-gson-2.2.4/gson-2.2.4-sources.jar

##---------------End: proguard configuration for Gson  ----------