SharedTracking/proguard/seeds.txt
com.example.sharedtracking.BaseActivity
com.example.sharedtracking.BaseActivity: BaseActivity()
com.example.sharedtracking.MenuActivity
com.example.sharedtracking.MenuActivity: MenuActivity()
com.example.sharedtracking.MenuActivity: void createHostedSession(android.view.View)
com.example.sharedtracking.MenuActivity: void joinSession(android.view.View)
com.example.sharedtracking.R$array: int rates_array
com.example.sharedtracking.R$attr: int adSize
com.example.sharedtracking.R$attr: int adSizes
com.example.sharedtracking.R$attr: int adUnitId
com.example.sharedtracking.R$attr: int ambientEnabled
com.example.sharedtracking.R$attr: int appTheme
com.example.sharedtracking.R$attr: int buttonSize
com.example.sharedtracking.R$attr: int buyButtonAppearance
com.example.sharedtracking.R$attr: int buyButtonHeight
com.example.sharedtracking.R$attr: int buyButtonText
com.example.sharedtracking.R$attr: int buyButtonWidth
com.example.sharedtracking.R$attr: int cameraBearing
com.example.sharedtracking.R$attr: int cameraTargetLat
com.example.sharedtracking.R$attr: int cameraTargetLng
com.example.sharedtracking.R$attr: int cameraTilt
com.example.sharedtracking.R$attr: int cameraZoom
com.example.sharedtracking.R$attr: int circleCrop
com.example.sharedtracking.R$attr: int colorScheme
com.example.sharedtracking.R$attr: int environment
com.example.sharedtracking.R$attr: int fragmentMode
com.example.sharedtracking.R$attr: int fragmentStyle
com.example.sharedtracking.R$attr: int imageAspectRatio
com.example.sharedtracking.R$attr: int imageAspectRatioAdjust
com.example.sharedtracking.R$attr: int liteMode
com.example.sharedtracking.R$attr: int mapType
com.example.sharedtracking.R$attr: int maskedWalletDetailsBackground
com.example.sharedtracking.R$attr: int maskedWalletDetailsButtonBackground
com.example.sharedtracking.R$attr: int maskedWalletDetailsButtonTextAppearance
com.example.sharedtracking.R$color: int black
com.example.sharedtracking.R$color: int blue
com.example.sharedtracking.R$color: int common_action_bar_splitter
com.example.sharedtracking.R$color: int common_google_signin_btn_text_dark
com.example.sharedtracking.R$color: int common_google_signin_btn_text_dark_default
com.example.sharedtracking.R$color: int common_google_signin_btn_text_dark_disabled
com.example.sharedtracking.R$color: int common_google_signin_btn_text_dark_focused
com.example.sharedtracking.R$color: int common_google_signin_btn_text_dark_pressed
com.example.sharedtracking.R$color: int common_google_signin_btn_text_light
com.example.sharedtracking.R$color: int common_google_signin_btn_text_light_default
com.example.sharedtracking.R$color: int common_google_signin_btn_text_light_disabled
com.example.sharedtracking.R$color: int common_google_signin_btn_text_light_focused
com.example.sharedtracking.R$color: int common_google_signin_btn_text_light_pressed
com.example.sharedtracking.R$color: int common_plus_signin_btn_text_dark
com.example.sharedtracking.R$color: int common_plus_signin_btn_text_dark_default
com.example.sharedtracking.R$color: int common_plus_signin_btn_text_dark_disabled
com.example.sharedtracking.R$color: int common_plus_signin_btn_text_dark_focused
com.example.sharedtracking.R$color: int common_plus_signin_btn_text_dark_pressed
com.example.sharedtracking.R$color: int common_plus_signin_btn_text_light
...
com.google.android.gms.drive.internal.SetResourceParentsRequest: android.os.Parcelable$Creator CREATOR
com.google.android.gms.drive.internal.StreamContentsRequest: android.os.Parcelable$Creator CREATOR
com.google.android.gms.drive.internal.StringListResponse: android.os.Parcelable$Creator CREATOR
com.google.android.gms.drive.internal.TrashResourceRequest: android.os.Parcelable$Creator CREATOR
com.google.android.gms.drive.internal.UnsubscribeResourceRequest: android.os.Parcelable$Creator CREATOR
com.google.android.gms.drive.internal.UntrashResourceRequest: android.os.Parcelable$Creator CREATOR
com.google.android.gms.drive.internal.UpdateMetadataRequest: android.os.Parcelable$Creator CREATOR
com.google.android.gms.drive.internal.UpdatePermissionRequest: android.os.Parcelable$Creator CREATOR
com.google.android.gms.drive.metadata.CustomPropertyKey: android.os.Parcelable$Creator CREATOR
com.google.android.gms.drive.metadata.internal.AppVisibleCustomProperties: android.os.Parcelable$Creator CREATOR
com.google.android.gms.drive.metadata.internal.CustomProperty: android.os.Parcelable$Creator CREATOR
com.google.android.gms.drive.metadata.internal.MetadataBundle: android.os.Parcelable$Creator CREATOR
com.google.android.gms.drive.metadata.internal.ParentDriveIdSet: android.os.Parcelable$Creator CREATOR
com.google.android.gms.drive.metadata.internal.PartialDriveId: android.os.Parcelable$Creator CREATOR
com.google.android.gms.drive.query.Query: android.os.Parcelable$Creator CREATOR
com.google.android.gms.drive.query.SortOrder: android.os.Parcelable$Creator CREATOR
com.google.android.gms.drive.query.internal.FieldOnlyFilter: android.os.Parcelable$Creator CREATOR
com.google.android.gms.drive.query.internal.FilterHolder: android.os.Parcelable$Creator CREATOR
com.google.android.gms.drive.query.internal.LogicalFilter: android.os.Parcelable$Creator CREATOR
com.google.android.gms.drive.query.internal.NotFilter: android.os.Parcelable$Creator CREATOR
com.google.android.gms.drive.query.internal.Operator: android.os.Parcelable$Creator CREATOR
com.google.android.gms.drive.realtime.internal.BeginCompoundOperationRequest: android.os.Parcelable$Creator CREATOR
com.google.android.gms.drive.realtime.internal.EndCompoundOperationRequest: android.os.Parcelable$Creator CREATOR
com.google.android.gms.drive.realtime.internal.ParcelableChangeInfo: android.os.Parcelable$Creator CREATOR
com.google.android.gms.drive.realtime.internal.ParcelableCollaborator: android.os.Parcelable$Creator CREATOR
com.google.android.gms.drive.realtime.internal.ParcelableIndexReference: android.os.Parcelable$Creator CREATOR
com.google.android.gms.drive.realtime.internal.event.FieldChangedDetails: android.os.Parcelable$Creator CREATOR
com.google.android.gms.drive.realtime.internal.event.ObjectChangedDetails: android.os.Parcelable$Creator CREATOR
com.google.android.gms.drive.realtime.internal.event.ParcelableEvent: android.os.Parcelable$Creator CREATOR
com.google.android.gms.drive.realtime.internal.event.ParcelableEventList: android.os.Parcelable$Creator CREATOR
com.google.android.gms.drive.realtime.internal.event.ReferenceShiftedDetails: android.os.Parcelable$Creator CREATOR
com.google.android.gms.drive.realtime.internal.event.TextDeletedDetails: android.os.Parcelable$Creator CREATOR
com.google.android.gms.drive.realtime.internal.event.TextInsertedDetails: android.os.Parcelable$Creator CREATOR
com.google.android.gms.drive.realtime.internal.event.ValueChangedDetails: android.os.Parcelable$Creator CREATOR
com.google.android.gms.drive.realtime.internal.event.ValuesAddedDetails: android.os.Parcelable$Creator CREATOR
com.google.android.gms.drive.realtime.internal.event.ValuesRemovedDetails: android.os.Parcelable$Creator CREATOR
com.google.android.gms.drive.realtime.internal.event.ValuesSetDetails: android.os.Parcelable$Creator CREATOR
com.google.android.gms.fitness.data.Application: android.os.Parcelable$Creator CREATOR