SharedTracking/proguard/mapping.txt
com.example.sharedtracking.BaseActivity -> com.example.sharedtracking.BaseActivity:
    com.example.sharedtracking.background.MainService mainService -> a
    boolean isMainServiceBound -> b
    com.example.sharedtracking.session.SessionManager manager -> c
    android.content.ServiceConnection mainConnection -> d
    java.lang.String getActivityClassName() -> a
    void onCreate(android.os.Bundle) -> onCreate
    void onDestroy() -> onDestroy
    void requestGUI() -> b
    void updateGUI() -> c
    com.example.sharedtracking.session.SessionManager getSessionManager() -> d
    void displayLocationSettingDialog(com.google.android.gms.common.api.Status) -> a
    void onActivityResult(int,int,android.content.Intent) -> onActivityResult
    void notifyNetworkIssue() -> e
    void notifySuccessfulUpdateOperation(java.lang.String) -> a
    void notifyFailedUpdateOperation(java.lang.String) -> b
    void updateNotification() -> f
    android.view.View onCreateView(android.view.View,java.lang.String,android.content.Context,android.util.AttributeSet) -> onCreateView
    android.view.View onCreateView(java.lang.String,android.content.Context,android.util.AttributeSet) -> onCreateView
com.example.sharedtracking.BaseActivity$1 -> com.example.sharedtracking.a:
    com.example.sharedtracking.BaseActivity this$0 -> a
    void onServiceConnected(android.content.ComponentName,android.os.IBinder) -> onServiceConnected
    void onServiceDisconnected(android.content.ComponentName) -> onServiceDisconnected
com.example.sharedtracking.GraphicalException -> com.example.sharedtracking.b:
com.example.sharedtracking.IGraphicalListener -> com.example.sharedtracking.c:
    void updateGUI() -> c
    void notifyNetworkIssue() -> e
    void notifySuccessfulUpdateOperation(java.lang.String) -> a
    void notifyFailedUpdateOperation(java.lang.String) -> b
    void notifyHostedSessionCreation() -> g
com.example.sharedtracking.IInputListener -> com.example.sharedtracking.d:
    void onImmediateSessionCreationReady(java.lang.String,int) -> a
    void onPreparedSessionCreationReady(java.lang.String,int,java.lang.String,java.lang.String,java.lang.String,java.lang.String) -> a
    void onSessionContributionReady(java.lang.String,java.lang.String) -> a
    void onSessionJoiningReady(java.lang.String) -> a_
    void onSessionDeletionReady(int) -> a
com.example.sharedtracking.MenuActivity -> com.example.sharedtracking.MenuActivity:
    com.example.sharedtracking.SessionListAdapter adapter -> d
    int currentCreationsCounter -> e
    java.lang.String getActivityClassName() -> a
    void onResume() -> onResume
    void onDestroy() -> onDestroy
    void updateGUI() -> c
    void onSessionSelected(int) -> b
    void createHostedSession(android.view.View) -> createHostedSession
    void joinSession(android.view.View) -> joinSession
    void onImmediateSessionCreationReady(java.lang.String,int) -> a
    void onPreparedSessionCreationReady(java.lang.String,int,java.lang.String,java.lang.String,java.lang.String,java.lang.String) -> a
    void onSessionContributionReady(java.lang.String,java.lang.String) -> a
    void onSessionJoiningReady(java.lang.String) -> a_
    boolean handleUserLocationDynamicPermission() -> h
    void onRequestPermissionsResult(int,java.lang.String[],int[]) -> onRequestPermissionsResult
    void onSessionDeletionReady(int) -> a
    void onBackPressed() -> onBackPressed
    void notifyHostedSessionCreation() -> g
    void showProgressBar() -> i
    void dismissProgressBar() -> j
    android.view.View onCreateView(android.view.View,java.lang.String,android.content.Context,android.util.AttributeSet) -> onCreateView
    android.view.View onCreateView(java.lang.String,android.content.Context,android.util.AttributeSet) -> onCreateView
com.example.sharedtracking.MenuActivity$1 -> com.example.sharedtracking.e:
    com.example.sharedtracking.MenuActivity this$0 -> a
    void onItemClick(android.widget.AdapterView,android.view.View,int,long) -> onItemClick
...
android.support.v4.app.FragmentTransaction -> android.support.v4.app.FragmentTransaction:
    int TRANSIT_ENTER_MASK -> TRANSIT_ENTER_MASK
    int TRANSIT_EXIT_MASK -> TRANSIT_EXIT_MASK
    int TRANSIT_UNSET -> TRANSIT_UNSET
    int TRANSIT_NONE -> TRANSIT_NONE
    int TRANSIT_FRAGMENT_OPEN -> TRANSIT_FRAGMENT_OPEN
    int TRANSIT_FRAGMENT_CLOSE -> TRANSIT_FRAGMENT_CLOSE
    int TRANSIT_FRAGMENT_FADE -> TRANSIT_FRAGMENT_FADE
    android.support.v4.app.FragmentTransaction add(android.support.v4.app.Fragment,java.lang.String) -> add
    android.support.v4.app.FragmentTransaction add(int,android.support.v4.app.Fragment) -> add
    android.support.v4.app.FragmentTransaction add(int,android.support.v4.app.Fragment,java.lang.String) -> add
    android.support.v4.app.FragmentTransaction replace(int,android.support.v4.app.Fragment) -> replace
    android.support.v4.app.FragmentTransaction replace(int,android.support.v4.app.Fragment,java.lang.String) -> replace
    android.support.v4.app.FragmentTransaction remove(android.support.v4.app.Fragment) -> remove
    android.support.v4.app.FragmentTransaction hide(android.support.v4.app.Fragment) -> hide
    android.support.v4.app.FragmentTransaction show(android.support.v4.app.Fragment) -> show
    android.support.v4.app.FragmentTransaction detach(android.support.v4.app.Fragment) -> detach
    android.support.v4.app.FragmentTransaction attach(android.support.v4.app.Fragment) -> attach
    boolean isEmpty() -> isEmpty
android.support.v4.app.FragmentTransaction$Transit -> android.support.v4.app.FragmentTransaction$Transit:
android.support.v4.app.FragmentTransitionCompat21 -> android.support.v4.app.FragmentTransitionCompat21:
    java.lang.String getTransitionName(android.view.View) -> getTransitionName
    java.lang.Object cloneTransition(java.lang.Object) -> cloneTransition
    java.lang.Object captureExitingViews(java.lang.Object,android.view.View,java.util.ArrayList,java.util.Map,android.view.View) -> captureExitingViews
    void excludeTarget(java.lang.Object,android.view.View,boolean) -> excludeTarget
    void beginDelayedTransition(android.view.ViewGroup,java.lang.Object) -> beginDelayedTransition
    void setEpicenter(java.lang.Object,android.view.View) -> setEpicenter
    java.lang.Object wrapSharedElementTransition(java.lang.Object) -> wrapSharedElementTransition
    void addTransitionTargets(java.lang.Object,java.lang.Object,android.view.View,android.support.v4.app.FragmentTransitionCompat21$ViewRetriever,android.view.View,android.support.v4.app.FragmentTransitionCompat21$EpicenterView,java.util.Map,java.util.ArrayList,java.util.Map,java.util.Map,java.util.ArrayList) -> addTransitionTargets
    java.lang.Object mergeTransitions(java.lang.Object,java.lang.Object,java.lang.Object,boolean) -> mergeTransitions
    void setSharedElementTargets(java.lang.Object,android.view.View,java.util.Map,java.util.ArrayList) -> setSharedElementTargets
    void bfsAddViewChildren(java.util.List,android.view.View) -> bfsAddViewChildren
android.support.v4.app.FragmentTransitionCompat21$1 -> android.support.v4.app.FragmentTransitionCompat21$1:
    android.graphics.Rect val$epicenter -> val$epicenter
    android.graphics.Rect onGetEpicenter(android.transition.Transition) -> onGetEpicenter
android.support.v4.app.FragmentTransitionCompat21$2 -> android.support.v4.app.FragmentTransitionCompat21$2:
    android.view.View val$container -> val$container
    android.transition.Transition val$enterTransition -> val$enterTransition
    android.view.View val$nonExistentView -> val$nonExistentView
    android.support.v4.app.FragmentTransitionCompat21$ViewRetriever val$inFragment -> val$inFragment
    java.util.Map val$nameOverrides -> val$nameOverrides
    java.util.Map val$renamedViews -> val$renamedViews
    java.util.ArrayList val$enteringViews -> val$enteringViews
    boolean onPreDraw() -> onPreDraw