SharedTracking/proguard/usage.txt
com.example.sharedtracking.BuildConfig
com.example.sharedtracking.GraphicalException:
    private static final long serialVersionUID
com.example.sharedtracking.Manifest
com.example.sharedtracking.Manifest$permission
com.example.sharedtracking.MenuActivity:
    private android.widget.ProgressBar progressbar
com.example.sharedtracking.R
com.example.sharedtracking.R$array
com.example.sharedtracking.R$attr
com.example.sharedtracking.R$color
com.example.sharedtracking.R$dimen
com.example.sharedtracking.R$drawable
com.example.sharedtracking.R$id
com.example.sharedtracking.R$integer
com.example.sharedtracking.R$layout
com.example.sharedtracking.R$menu
com.example.sharedtracking.R$raw
com.example.sharedtracking.R$string
com.example.sharedtracking.R$style
com.example.sharedtracking.R$styleable
com.example.sharedtracking.TrackedActivitySettingFragment:
    private static final java.lang.String LogTag
    427:438:public void onNewNameSet(java.lang.String)
    443:455:public void onNewRateSet(java.lang.String)
com.example.sharedtracking.background.LocationAsynchronousResolver:
    private static final java.lang.String Log_Tag
com.example.sharedtracking.background.MainService:
    private static final java.lang.String Log_Tag
com.example.sharedtracking.background.PermissionException:
    private static final long serialVersionUID
com.example.sharedtracking.constants.Constants
com.example.sharedtracking.inputs.DialogCallbackException
com.example.sharedtracking.inputs.DialogInputConverter:
    6:6:public DialogInputConverter()
com.example.sharedtracking.inputs.DialogInputException:
    private static final long serialVersionUID
com.example.sharedtracking.inputs.DialogInputSanitizer:
    5:5:public DialogInputSanitizer()
com.example.sharedtracking.inputs.TrackedSessionCreationDialog:
    public static final java.lang.String ImmediateCreationTabTag
    public static final java.lang.String PreparedCreationTabTag
    public static final java.lang.String ContributionTabTag
com.example.sharedtracking.network.WebClient:
    public static final java.lang.String Log_Tag
    10:10:public WebClient()
com.example.sharedtracking.response.CreationResponse:
    private static final long serialVersionUID
    35:44:public CreationResponse(boolean,java.lang.String,int,java.lang.String,java.lang.String,java.sql.Timestamp,java.sql.Timestamp,java.sql.Timestamp)
com.example.sharedtracking.response.ReadingResponse:
    private static final long serialVersionUID
    21:24:public ReadingResponse(boolean,com.example.sharedtracking.types.SampleList)
com.example.sharedtracking.response.ResponseException:
    private static final long serialVersionUID
com.example.sharedtracking.response.SynchronizationResponse:
    14:17:public SynchronizationResponse(boolean,com.example.sharedtracking.types.SessionMetaData)
com.example.sharedtracking.response.UpdateResponse:
    private static final long serialVersionUID
    21:24:public UpdateResponse(boolean,java.sql.Timestamp)
com.example.sharedtracking.session.Session:
    private static final java.lang.String Log_Tag
    78:79:public void setName(java.lang.String)
    86:87:public void setPublicID(java.lang.String)
    94:95:public void setUploadRate(int)
    102:103:public void setStartingTime(java.sql.Timestamp)
    110:111:public void setEndingTime(java.sql.Timestamp)
    118:119:public void setLastModifTime(java.sql.Timestamp)
    122:122:public com.example.sharedtracking.ObjectChangingCallback getCallbackGUI()
    231:238:public void writeToParcel(android.os.Parcel,int)
    240:248:protected Session(android.os.Parcel)
com.example.sharedtracking.session.SessionExistingException:
    private static final long serialVersionUID
com.example.sharedtracking.session.SessionManager:
    private static final long serialVersionUID
    private static final java.lang.String Log_Tag
    127:128:public void setAlarmPeriod(int)
...
com.google.android.gms.games.internal.GamesClientImpl$PeerConnectedNotifier
com.google.android.gms.games.internal.GamesClientImpl$PeerDeclinedNotifier
com.google.android.gms.games.internal.GamesClientImpl$PeerDisconnectedNotifier
com.google.android.gms.games.internal.GamesClientImpl$PeerInvitedToRoomNotifier
com.google.android.gms.games.internal.GamesClientImpl$PeerJoinedRoomNotifier
com.google.android.gms.games.internal.GamesClientImpl$PeerLeftRoomNotifier
com.google.android.gms.games.internal.GamesClientImpl$PlayerLeaderboardScoreLoadedBinderCallback
com.google.android.gms.games.internal.GamesClientImpl$PlayerStatsLoadedBinderCallbacks
com.google.android.gms.games.internal.GamesClientImpl$PlayerXpForGameCategoriesLoadedBinderCallback
com.google.android.gms.games.internal.GamesClientImpl$PlayerXpStreamLoadedBinderCallback
com.google.android.gms.games.internal.GamesClientImpl$PlayersLoadedBinderCallback
com.google.android.gms.games.internal.GamesClientImpl$PopupLocationInfoBinderCallbacks
com.google.android.gms.games.internal.GamesClientImpl$ProfileSettingsLoadedBinderCallback
com.google.android.gms.games.internal.GamesClientImpl$ProfileSettingsUpdatedBinderCallback
com.google.android.gms.games.internal.GamesClientImpl$QuestAcceptedBinderCallbacks
com.google.android.gms.games.internal.GamesClientImpl$QuestCompletedNotifier
com.google.android.gms.games.internal.GamesClientImpl$QuestMilestoneClaimBinderCallbacks
com.google.android.gms.games.internal.GamesClientImpl$QuestUpdateBinderCallback
com.google.android.gms.games.internal.GamesClientImpl$QuestsLoadedBinderCallbacks
com.google.android.gms.games.internal.GamesClientImpl$RealTimeMessageSentNotifier
com.google.android.gms.games.internal.GamesClientImpl$RealTimeReliableMessageBinderCallbacks
com.google.android.gms.games.internal.GamesClientImpl$RequestReceivedBinderCallback
com.google.android.gms.games.internal.GamesClientImpl$RequestReceivedNotifier
com.google.android.gms.games.internal.GamesClientImpl$RequestRemovedNotifier
com.google.android.gms.games.internal.GamesClientImpl$RequestSentBinderCallbacks
com.google.android.gms.games.internal.GamesClientImpl$RequestSummariesLoadedBinderCallbacks
com.google.android.gms.games.internal.GamesClientImpl$RequestsLoadedBinderCallbacks
com.google.android.gms.games.internal.GamesClientImpl$RequestsUpdatedBinderCallbacks
com.google.android.gms.games.internal.GamesClientImpl$RoomAutoMatchingNotifier
com.google.android.gms.games.internal.GamesClientImpl$RoomBinderCallbacks
com.google.android.gms.games.internal.GamesClientImpl$RoomConnectedNotifier
com.google.android.gms.games.internal.GamesClientImpl$RoomConnectingNotifier
com.google.android.gms.games.internal.GamesClientImpl$RoomCreatedNotifier
com.google.android.gms.games.internal.GamesClientImpl$SendRequestResultImpl
com.google.android.gms.games.internal.GamesClientImpl$SignOutCompleteBinderCallbacks
com.google.android.gms.games.internal.GamesClientImpl$SnapshotCommittedBinderCallbacks
com.google.android.gms.games.internal.GamesClientImpl$SnapshotDeletedBinderCallbacks
com.google.android.gms.games.internal.GamesClientImpl$SnapshotOpenedBinderCallbacks
com.google.android.gms.games.internal.GamesClientImpl$SnapshotsLoadedBinderCallbacks
com.google.android.gms.games.internal.GamesClientImpl$StartRecordingBinderCallback
com.google.android.gms.games.internal.GamesClientImpl$SubmitScoreBinderCallbacks
com.google.android.gms.games.internal.GamesClientImpl$SubmitScoreResultImpl
com.google.android.gms.games.internal.GamesClientImpl$TurnBasedMatchCanceledBinderCallbacks
com.google.android.gms.games.internal.GamesClientImpl$TurnBasedMatchInitiatedBinderCallbacks
com.google.android.gms.games.internal.GamesClientImpl$TurnBasedMatchLeftBinderCallbacks
com.google.android.gms.games.internal.GamesClientImpl$TurnBasedMatchLoadedBinderCallbacks
com.google.android.gms.games.internal.GamesClientImpl$TurnBasedMatchResult